2025-06-17 15:05:51,316 - __main__ - INFO - ==================================================
2025-06-17 15:05:51,316 - __main__ - INFO - 🤖 ЗАПУСК СИСТЕМЫ SoraEcoSystemBot
2025-06-17 15:05:51,316 - __main__ - INFO - ⏰ Время запуска: 2025-06-17 15:05:51
2025-06-17 15:05:51,316 - __main__ - INFO - 🔑 ID главного администратора: 7873867301
2025-06-17 15:05:51,316 - __main__ - INFO - 👥 Пользователей в системе: 2
2025-06-17 15:05:51,317 - __main__ - INFO - 📦 Товаров на складе: 5
2025-06-17 15:05:51,317 - __main__ - INFO - 📝 Лог-записей действий: 29
2025-06-17 15:05:51,317 - __main__ - INFO - ==================================================
2025-06-17 15:05:51,317 - __main__ - INFO - 🟢 Бот запущен и готов к работе
2025-06-17 15:05:51,317 - aiogram.dispatcher - INFO - Start polling
2025-06-17 15:05:51,781 - aiogram.dispatcher - INFO - Run polling for bot @SoraGaming_Bot id=8143304952 - 'CкладКонтроль Sora'
2025-06-17 15:06:09,046 - aiogram.event - INFO - Update id=729245965 is handled. Duration 465 ms by bot id=8143304952
2025-06-17 15:06:11,069 - aiogram.event - INFO - Update id=729245966 is handled. Duration 155 ms by bot id=8143304952
2025-06-17 15:06:13,066 - aiogram.event - INFO - Update id=729245967 is handled. Duration 179 ms by bot id=8143304952
2025-06-17 15:07:33,480 - __main__ - WARNING - Попытка доступа незарегистрированного пользователя: 7964903129
2025-06-17 15:07:33,480 - aiogram.event - INFO - Update id=729245968 is handled. Duration 124 ms by bot id=8143304952
2025-06-17 15:10:37,207 - aiogram.dispatcher - INFO - Polling stopped
2025-06-17 15:10:37,469 - __main__ - INFO - ==================================================
2025-06-17 15:10:37,469 - __main__ - INFO - 🛑 ЗАВЕРШЕНИЕ РАБОТЫ SoraEcoSystemBot
2025-06-17 15:10:37,469 - __main__ - INFO - ⏰ Время остановки: 2025-06-17 15:10:37
2025-06-17 15:10:37,469 - __main__ - INFO - ⚡ Активность за 24 часа: 29 действий
2025-06-17 15:10:37,469 - __main__ - INFO - 📦 Закрытие соединения с базой данных...
2025-06-17 15:10:37,470 - __main__ - INFO - ✅ Соединение с базой данных закрыто
2025-06-17 15:10:37,470 - __main__ - INFO - ==================================================
2025-06-17 15:10:37,470 - __main__ - INFO - 👋 Работа бота завершена
2025-06-17 15:10:37,470 - aiogram.dispatcher - INFO - Polling stopped for bot @SoraGaming_Bot id=8143304952 - 'CкладКонтроль Sora'
2025-06-17 15:10:37,471 - __main__ - INFO - ⏹️ Программа прервана пользователем
2025-06-17 15:10:37,471 - __main__ - INFO - 👋 Программа завершена
2025-06-17 15:13:27,139 - __main__ - INFO - ==================================================
2025-06-17 15:13:27,139 - __main__ - INFO - 🤖 ЗАПУСК СИСТЕМЫ SoraEcoSystemBot
2025-06-17 15:13:27,139 - __main__ - INFO - ⏰ Время запуска: 2025-06-17 15:13:27
2025-06-17 15:13:27,140 - __main__ - INFO - 🔑 ID главного администратора: 7873867301
2025-06-17 15:13:27,140 - __main__ - INFO - 👥 Пользователей в системе: 2
2025-06-17 15:13:27,140 - __main__ - INFO - 📦 Товаров на складе: 5
2025-06-17 15:13:27,140 - __main__ - INFO - 📝 Лог-записей действий: 29
2025-06-17 15:13:27,140 - __main__ - INFO - ==================================================
2025-06-17 15:13:27,140 - __main__ - INFO - 🟢 Бот запущен и готов к работе
2025-06-17 15:13:27,140 - aiogram.dispatcher - INFO - Start polling
2025-06-17 15:13:27,723 - aiogram.dispatcher - INFO - Run polling for bot @SoraGaming_Bot id=8143304952 - 'SoraEcoSystem'
